[ 2025-02-02 01:44:45,714 ] 1025 httpx - INFO - HTTP Request: GET https://dagshub.com/api/v1/user "HTTP/1.1 200 OK"
[ 2025-02-02 01:44:45,820 ] 107 dagshub - INFO - Accessing as ravikiran058
[ 2025-02-02 01:44:46,231 ] 1025 httpx - INFO - HTTP Request: GET https://dagshub.com/api/v1/repos/ravikiran058/networksecurity "HTTP/1.1 200 OK"
[ 2025-02-02 01:44:46,603 ] 1025 httpx - INFO - HTTP Request: GET https://dagshub.com/api/v1/user "HTTP/1.1 200 OK"
[ 2025-02-02 01:44:46,611 ] 107 dagshub - INFO - Initialized MLflow to track repo "ravikiran058/networksecurity"
[ 2025-02-02 01:44:46,612 ] 107 dagshub - INFO - Repository ravikiran058/networksecurity initialized!
[ 2025-02-02 01:44:46,613 ] 19 root - INFO - Initiate the data ingestion
[ 2025-02-02 01:44:48,133 ] 71 root - INFO - Performed train test split on the dataframe
[ 2025-02-02 01:44:48,133 ] 73 root - INFO - Exited split_data_as_train_test method of Data_Ingestion class
[ 2025-02-02 01:44:48,134 ] 81 root - INFO - Exporting train and test file path.
[ 2025-02-02 01:44:48,194 ] 90 root - INFO - Exported train and test file path.
[ 2025-02-02 01:44:48,195 ] 21 root - INFO - Data Initiation Completed
[ 2025-02-02 01:44:48,202 ] 25 root - INFO - Initiate the data Validation
[ 2025-02-02 01:44:48,274 ] 32 root - INFO - Required number of columns:2
[ 2025-02-02 01:44:48,274 ] 33 root - INFO - Data frame has columns:31
[ 2025-02-02 01:44:48,274 ] 32 root - INFO - Required number of columns:2
[ 2025-02-02 01:44:48,274 ] 33 root - INFO - Data frame has columns:31
[ 2025-02-02 01:44:48,426 ] 27 root - INFO - data Validation Completed
[ 2025-02-02 01:44:48,427 ] 30 root - INFO - data Transformation started 
[ 2025-02-02 01:44:48,427 ] 63 root - INFO - Entered initiate_data_transformation method of DataTransformation class
[ 2025-02-02 01:44:48,427 ] 65 root - INFO - Starting data transformation
[ 2025-02-02 01:44:48,453 ] 48 root - INFO - Entered get_data_trnasformer_object method of Trnasformation class
[ 2025-02-02 01:44:48,453 ] 53 root - INFO - Initialise KNNImputer with {'missing_values': nan, 'n_neighbors': 3, 'weights': 'uniform'}
[ 2025-02-02 01:44:48,467 ] 46 root - INFO - Entered the save_object method of MainUtils class
[ 2025-02-02 01:44:48,470 ] 50 root - INFO - Exited the save_object method of MainUtils class
[ 2025-02-02 01:44:48,470 ] 46 root - INFO - Entered the save_object method of MainUtils class
[ 2025-02-02 01:44:48,473 ] 50 root - INFO - Exited the save_object method of MainUtils class
[ 2025-02-02 01:44:48,475 ] 34 root - INFO - data Transformation completed
[ 2025-02-02 01:44:48,475 ] 36 root - INFO - Model Training sstared
[ 2025-02-02 01:48:54,560 ] 46 root - INFO - Entered the save_object method of MainUtils class
[ 2025-02-02 01:48:54,563 ] 50 root - INFO - Exited the save_object method of MainUtils class
[ 2025-02-02 01:48:54,563 ] 46 root - INFO - Entered the save_object method of MainUtils class
[ 2025-02-02 01:48:54,639 ] 50 root - INFO - Exited the save_object method of MainUtils class
[ 2025-02-02 01:48:54,639 ] 151 root - INFO - Model trainer artifact: ModelTrainerArtifact(trained_model_file_path='Artifacts\\02_02_2025_01_44_42\\model_trainer\\trained_model\\model.pkl', train_metric_artifact=ClassificationMetricArtifact(f1_score=0.990737913486005, precision_score=0.9882233502538071, recall_score=0.993265306122449), test_metric_artifact=ClassificationMetricArtifact(f1_score=0.9746835443037974, precision_score=0.969315499606609, recall_score=0.9801113762927606))
[ 2025-02-02 01:48:54,646 ] 41 root - INFO - Model Training artifact created
